<?xml version="1.0" encoding="UTF-8"?>
<<<<<<< HEAD
<testsuite name="com.example.homekiri.HomekiriApplicationTests" tests="1" skipped="0" failures="0" errors="0" timestamp="2021-10-11T17:06:48" hostname="gimgiyun-ui-MacBookPro.local" time="0.258">
  <properties/>
  <testcase name="contextLoads()" classname="com.example.homekiri.HomekiriApplicationTests" time="0.258"/>
  <system-out><![CDATA[02:06:37.717 [Test worker] DEBUG org.springframework.test.context.BootstrapUtils - Instantiating CacheAwareContextLoaderDelegate from class [org.springframework.test.context.cache.DefaultCacheAwareContextLoaderDelegate]
02:06:37.731 [Test worker] DEBUG org.springframework.test.context.BootstrapUtils - Instantiating BootstrapContext using constructor [public org.springframework.test.context.support.DefaultBootstrapContext(java.lang.Class,org.springframework.test.context.CacheAwareContextLoaderDelegate)]
02:06:37.798 [Test worker] DEBUG org.springframework.test.context.BootstrapUtils - Instantiating TestContextBootstrapper for test class [com.example.homekiri.HomekiriApplicationTests] from class [org.springframework.boot.test.context.SpringBootTestContextBootstrapper]
02:06:37.810 [Test worker] INFO org.springframework.boot.test.context.SpringBootTestContextBootstrapper - Neither @ContextConfiguration nor @ContextHierarchy found for test class [com.example.homekiri.HomekiriApplicationTests], using SpringBootContextLoader
02:06:37.813 [Test worker] DEBUG org.springframework.test.context.support.AbstractContextLoader - Did not detect default resource location for test class [com.example.homekiri.HomekiriApplicationTests]: class path resource [com/example/homekiri/HomekiriApplicationTests-context.xml] does not exist
02:06:37.815 [Test worker] DEBUG org.springframework.test.context.support.AbstractContextLoader - Did not detect default resource location for test class [com.example.homekiri.HomekiriApplicationTests]: class path resource [com/example/homekiri/HomekiriApplicationTestsContext.groovy] does not exist
02:06:37.816 [Test worker] INFO org.springframework.test.context.support.AbstractContextLoader - Could not detect default resource locations for test class [com.example.homekiri.HomekiriApplicationTests]: no resource found for suffixes {-context.xml, Context.groovy}.
02:06:37.816 [Test worker] INFO org.springframework.test.context.support.AnnotationConfigContextLoaderUtils - Could not detect default configuration classes for test class [com.example.homekiri.HomekiriApplicationTests]: HomekiriApplicationTests does not declare any static, non-private, non-final, nested classes annotated with @Configuration.
02:06:37.885 [Test worker] DEBUG org.springframework.test.context.support.ActiveProfilesUtils - Could not find an 'annotation declaring class' for annotation type [org.springframework.test.context.ActiveProfiles] and class [com.example.homekiri.HomekiriApplicationTests]
02:06:37.957 [Test worker] DEBUG org.springframework.context.annotation.ClassPathScanningCandidateComponentProvider - Identified candidate component class: file [/Users/gimgiyun/Desktop/homekiri/build/classes/java/main/com/example/homekiri/HomekiriApplication.class]
02:06:37.972 [Test worker] INFO org.springframework.boot.test.context.SpringBootTestContextBootstrapper - Found @SpringBootConfiguration com.example.homekiri.HomekiriApplication for test class com.example.homekiri.HomekiriApplicationTests
02:06:38.090 [Test worker] DEBUG org.springframework.boot.test.context.SpringBootTestContextBootstrapper - @TestExecutionListeners is not present for class [com.example.homekiri.HomekiriApplicationTests]: using defaults.
02:06:38.091 [Test worker] INFO org.springframework.boot.test.context.SpringBootTestContextBootstrapper - Loaded default TestExecutionListener class names from location [META-INF/spring.factories]: [org.springframework.boot.test.autoconfigure.restdocs.RestDocsTestExecutionListener, org.springframework.boot.test.autoconfigure.web.client.MockRestServiceServerResetTestExecutionListener, org.springframework.boot.test.autoconfigure.web.servlet.MockMvcPrintOnlyOnFailureTestExecutionListener, org.springframework.boot.test.autoconfigure.web.servlet.WebDriverTestExecutionListener, org.springframework.boot.test.autoconfigure.webservices.client.MockWebServiceServerTestExecutionListener, org.springframework.boot.test.mock.mockito.MockitoTestExecutionListener, org.springframework.boot.test.mock.mockito.ResetMocksTestExecutionListener, org.springframework.test.context.web.ServletTestExecutionListener, org.springframework.test.context.support.DirtiesContextBeforeModesTestExecutionListener, org.springframework.test.context.event.ApplicationEventsTestExecutionListener, org.springframework.test.context.support.DependencyInjectionTestExecutionListener, org.springframework.test.context.support.DirtiesContextTestExecutionListener, org.springframework.test.context.transaction.TransactionalTestExecutionListener, org.springframework.test.context.jdbc.SqlScriptsTestExecutionListener, org.springframework.test.context.event.EventPublishingTestExecutionListener]
02:06:38.102 [Test worker] INFO org.springframework.boot.test.context.SpringBootTestContextBootstrapper - Using TestExecutionListeners: [org.springframework.test.context.web.ServletTestExecutionListener@595352f7, org.springframework.test.context.support.DirtiesContextBeforeModesTestExecutionListener@4357422b, org.springframework.test.context.event.ApplicationEventsTestExecutionListener@2a249b00, org.springframework.boot.test.mock.mockito.MockitoTestExecutionListener@70c2d924, org.springframework.boot.test.autoconfigure.SpringBootDependencyInjectionTestExecutionListener@33c5f921, org.springframework.test.context.support.DirtiesContextTestExecutionListener@4afab368, org.springframework.test.context.transaction.TransactionalTestExecutionListener@4408cdac, org.springframework.test.context.jdbc.SqlScriptsTestExecutionListener@226527f0, org.springframework.test.context.event.EventPublishingTestExecutionListener@3ef5ce6c, org.springframework.boot.test.autoconfigure.restdocs.RestDocsTestExecutionListener@218b5b29, org.springframework.boot.test.autoconfigure.web.client.MockRestServiceServerResetTestExecutionListener@236c9719, org.springframework.boot.test.autoconfigure.web.servlet.MockMvcPrintOnlyOnFailureTestExecutionListener@28bd7e23, org.springframework.boot.test.autoconfigure.web.servlet.WebDriverTestExecutionListener@38ab53f6, org.springframework.boot.test.autoconfigure.webservices.client.MockWebServiceServerTestExecutionListener@438205d9, org.springframework.boot.test.mock.mockito.ResetMocksTestExecutionListener@49196ef]
02:06:38.105 [Test worker] DEBUG org.springframework.test.context.support.AbstractDirtiesContextTestExecutionListener - Before test class: context [DefaultTestContext@74524824 testClass = HomekiriApplicationTests, testInstance = [null], testMethod = [null], testException = [null], mergedContextConfiguration = [WebMergedContextConfiguration@42857803 testClass = HomekiriApplicationTests, locations = '{}', classes = '{class com.example.homekiri.HomekiriApplication}', contextInitializerClasses = '[]', activeProfiles = '{}', propertySourceLocations = '{}', propertySourceProperties = '{org.springframework.boot.test.context.SpringBootTestContextBootstrapper=true}', contextCustomizers = set[org.springframework.boot.test.autoconfigure.actuate.metrics.MetricsExportContextCustomizerFactory$DisableMetricExportContextCustomizer@273f26b7, org.springframework.boot.test.autoconfigure.properties.PropertyMappingContextCustomizer@0, org.springframework.boot.test.autoconfigure.web.servlet.WebDriverContextCustomizerFactory$Customizer@6f598344, org.springframework.boot.test.context.filter.ExcludeFilterContextCustomizer@6a76e15d, org.springframework.boot.test.json.DuplicateJsonObjectContextCustomizerFactory$DuplicateJsonObjectContextCustomizer@27b0fcf8, org.springframework.boot.test.mock.mockito.MockitoContextCustomizer@0, org.springframework.boot.test.web.client.TestRestTemplateContextCustomizer@ed95e19, org.springframework.boot.test.context.SpringBootTestArgs@1, org.springframework.boot.test.context.SpringBootTestWebEnvironment@32eaf0bb], resourceBasePath = 'src/main/webapp', contextLoader = 'org.springframework.boot.test.context.SpringBootContextLoader', parent = [null]], attributes = map['org.springframework.test.context.web.ServletTestExecutionListener.activateListener' -> true]], class annotated with @DirtiesContext [false] with mode [null].
02:06:38.156 [Test worker] DEBUG org.springframework.test.context.support.TestPropertySourceUtils - Adding inlined properties to environment: {spring.jmx.enabled=false, org.springframework.boot.test.context.SpringBootTestContextBootstrapper=true}
=======
<testsuite name="com.example.homekiri.HomekiriApplicationTests" tests="1" skipped="0" failures="0" errors="0" timestamp="2021-09-14T08:06:45" hostname="minleeui-MacBookPro.local" time="0.116">
  <properties/>
  <testcase name="contextLoads()" classname="com.example.homekiri.HomekiriApplicationTests" time="0.116"/>
  <system-out><![CDATA[17:06:40.688 [Test worker] DEBUG org.springframework.test.context.BootstrapUtils - Instantiating CacheAwareContextLoaderDelegate from class [org.springframework.test.context.cache.DefaultCacheAwareContextLoaderDelegate]
17:06:40.696 [Test worker] DEBUG org.springframework.test.context.BootstrapUtils - Instantiating BootstrapContext using constructor [public org.springframework.test.context.support.DefaultBootstrapContext(java.lang.Class,org.springframework.test.context.CacheAwareContextLoaderDelegate)]
17:06:40.715 [Test worker] DEBUG org.springframework.test.context.BootstrapUtils - Instantiating TestContextBootstrapper for test class [com.example.homekiri.HomekiriApplicationTests] from class [org.springframework.boot.test.context.SpringBootTestContextBootstrapper]
17:06:40.722 [Test worker] INFO org.springframework.boot.test.context.SpringBootTestContextBootstrapper - Neither @ContextConfiguration nor @ContextHierarchy found for test class [com.example.homekiri.HomekiriApplicationTests], using SpringBootContextLoader
17:06:40.724 [Test worker] DEBUG org.springframework.test.context.support.AbstractContextLoader - Did not detect default resource location for test class [com.example.homekiri.HomekiriApplicationTests]: class path resource [com/example/homekiri/HomekiriApplicationTests-context.xml] does not exist
17:06:40.725 [Test worker] DEBUG org.springframework.test.context.support.AbstractContextLoader - Did not detect default resource location for test class [com.example.homekiri.HomekiriApplicationTests]: class path resource [com/example/homekiri/HomekiriApplicationTestsContext.groovy] does not exist
17:06:40.725 [Test worker] INFO org.springframework.test.context.support.AbstractContextLoader - Could not detect default resource locations for test class [com.example.homekiri.HomekiriApplicationTests]: no resource found for suffixes {-context.xml, Context.groovy}.
17:06:40.725 [Test worker] INFO org.springframework.test.context.support.AnnotationConfigContextLoaderUtils - Could not detect default configuration classes for test class [com.example.homekiri.HomekiriApplicationTests]: HomekiriApplicationTests does not declare any static, non-private, non-final, nested classes annotated with @Configuration.
17:06:40.750 [Test worker] DEBUG org.springframework.test.context.support.ActiveProfilesUtils - Could not find an 'annotation declaring class' for annotation type [org.springframework.test.context.ActiveProfiles] and class [com.example.homekiri.HomekiriApplicationTests]
17:06:40.795 [Test worker] DEBUG org.springframework.context.annotation.ClassPathScanningCandidateComponentProvider - Identified candidate component class: file [/Users/minlee/Desktop/homekiri/homekiri/build/classes/java/main/com/example/homekiri/HomekiriApplication.class]
17:06:40.800 [Test worker] INFO org.springframework.boot.test.context.SpringBootTestContextBootstrapper - Found @SpringBootConfiguration com.example.homekiri.HomekiriApplication for test class com.example.homekiri.HomekiriApplicationTests
17:06:40.863 [Test worker] DEBUG org.springframework.boot.test.context.SpringBootTestContextBootstrapper - @TestExecutionListeners is not present for class [com.example.homekiri.HomekiriApplicationTests]: using defaults.
17:06:40.863 [Test worker] INFO org.springframework.boot.test.context.SpringBootTestContextBootstrapper - Loaded default TestExecutionListener class names from location [META-INF/spring.factories]: [org.springframework.boot.test.autoconfigure.restdocs.RestDocsTestExecutionListener, org.springframework.boot.test.autoconfigure.web.client.MockRestServiceServerResetTestExecutionListener, org.springframework.boot.test.autoconfigure.web.servlet.MockMvcPrintOnlyOnFailureTestExecutionListener, org.springframework.boot.test.autoconfigure.web.servlet.WebDriverTestExecutionListener, org.springframework.boot.test.autoconfigure.webservices.client.MockWebServiceServerTestExecutionListener, org.springframework.boot.test.mock.mockito.MockitoTestExecutionListener, org.springframework.boot.test.mock.mockito.ResetMocksTestExecutionListener, org.springframework.test.context.web.ServletTestExecutionListener, org.springframework.test.context.support.DirtiesContextBeforeModesTestExecutionListener, org.springframework.test.context.event.ApplicationEventsTestExecutionListener, org.springframework.test.context.support.DependencyInjectionTestExecutionListener, org.springframework.test.context.support.DirtiesContextTestExecutionListener, org.springframework.test.context.transaction.TransactionalTestExecutionListener, org.springframework.test.context.jdbc.SqlScriptsTestExecutionListener, org.springframework.test.context.event.EventPublishingTestExecutionListener]
17:06:40.874 [Test worker] INFO org.springframework.boot.test.context.SpringBootTestContextBootstrapper - Using TestExecutionListeners: [org.springframework.test.context.web.ServletTestExecutionListener@413ee163, org.springframework.test.context.support.DirtiesContextBeforeModesTestExecutionListener@30d11c13, org.springframework.test.context.event.ApplicationEventsTestExecutionListener@5b1b4da1, org.springframework.boot.test.mock.mockito.MockitoTestExecutionListener@4d3250b5, org.springframework.boot.test.autoconfigure.SpringBootDependencyInjectionTestExecutionListener@7b319589, org.springframework.test.context.support.DirtiesContextTestExecutionListener@43382f78, org.springframework.test.context.transaction.TransactionalTestExecutionListener@424f14fb, org.springframework.test.context.jdbc.SqlScriptsTestExecutionListener@1d2753ff, org.springframework.test.context.event.EventPublishingTestExecutionListener@6a4d000f, org.springframework.boot.test.autoconfigure.restdocs.RestDocsTestExecutionListener@688ca1d1, org.springframework.boot.test.autoconfigure.web.client.MockRestServiceServerResetTestExecutionListener@525e98f7, org.springframework.boot.test.autoconfigure.web.servlet.MockMvcPrintOnlyOnFailureTestExecutionListener@754191e8, org.springframework.boot.test.autoconfigure.web.servlet.WebDriverTestExecutionListener@770eaa37, org.springframework.boot.test.autoconfigure.webservices.client.MockWebServiceServerTestExecutionListener@7a010f2e, org.springframework.boot.test.mock.mockito.ResetMocksTestExecutionListener@5cbea9b9]
17:06:40.877 [Test worker] DEBUG org.springframework.test.context.support.AbstractDirtiesContextTestExecutionListener - Before test class: context [DefaultTestContext@2a7b867d testClass = HomekiriApplicationTests, testInstance = [null], testMethod = [null], testException = [null], mergedContextConfiguration = [WebMergedContextConfiguration@4592b9cd testClass = HomekiriApplicationTests, locations = '{}', classes = '{class com.example.homekiri.HomekiriApplication}', contextInitializerClasses = '[]', activeProfiles = '{}', propertySourceLocations = '{}', propertySourceProperties = '{org.springframework.boot.test.context.SpringBootTestContextBootstrapper=true}', contextCustomizers = set[org.springframework.boot.test.autoconfigure.actuate.metrics.MetricsExportContextCustomizerFactory$DisableMetricExportContextCustomizer@2d5ba563, org.springframework.boot.test.autoconfigure.properties.PropertyMappingContextCustomizer@0, org.springframework.boot.test.autoconfigure.web.servlet.WebDriverContextCustomizerFactory$Customizer@47d8b5c5, org.springframework.boot.test.context.filter.ExcludeFilterContextCustomizer@7fa387df, org.springframework.boot.test.json.DuplicateJsonObjectContextCustomizerFactory$DuplicateJsonObjectContextCustomizer@584441eb, org.springframework.boot.test.mock.mockito.MockitoContextCustomizer@0, org.springframework.boot.test.web.client.TestRestTemplateContextCustomizer@46180fc5, org.springframework.boot.test.context.SpringBootTestArgs@1, org.springframework.boot.test.context.SpringBootTestWebEnvironment@47206a99], resourceBasePath = 'src/main/webapp', contextLoader = 'org.springframework.boot.test.context.SpringBootContextLoader', parent = [null]], attributes = map['org.springframework.test.context.web.ServletTestExecutionListener.activateListener' -> true]], class annotated with @DirtiesContext [false] with mode [null].
17:06:40.903 [Test worker] DEBUG org.springframework.test.context.support.TestPropertySourceUtils - Adding inlined properties to environment: {spring.jmx.enabled=false, org.springframework.boot.test.context.SpringBootTestContextBootstrapper=true}
>>>>>>> worldcup

  .   ____          _            __ _ _
 /\\ / ___'_ __ _ _(_)_ __  __ _ \ \ \ \
( ( )\___ | '_ | '_| | '_ \/ _` | \ \ \ \
 \\/  ___)| |_)| | | | | || (_| |  ) ) ) )
  '  |____| .__|_| |_|_| |_\__, | / / / /
 =========|_|==============|___/=/_/_/_/
 :: Spring Boot ::                (v2.5.3)

<<<<<<< HEAD
2021-10-12 02:06:38.663  INFO 88325 --- [    Test worker] c.e.homekiri.HomekiriApplicationTests    : Starting HomekiriApplicationTests using Java 16.0.2 on gimgiyun-ui-MacBookPro.local with PID 88325 (started by gimgiyun in /Users/gimgiyun/Desktop/homekiri)
2021-10-12 02:06:38.670  INFO 88325 --- [    Test worker] c.e.homekiri.HomekiriApplicationTests    : No active profile set, falling back to default profiles: default
2021-10-12 02:06:40.192  INFO 88325 --- [    Test worker] .s.d.r.c.RepositoryConfigurationDelegate : Bootstrapping Spring Data JPA repositories in DEFAULT mode.
2021-10-12 02:06:40.405  INFO 88325 --- [    Test worker] .s.d.r.c.RepositoryConfigurationDelegate : Finished Spring Data repository scanning in 199 ms. Found 19 JPA repository interfaces.
2021-10-12 02:06:41.357  INFO 88325 --- [    Test worker] com.zaxxer.hikari.HikariDataSource       : HikariPool-1 - Starting...
2021-10-12 02:06:42.212  INFO 88325 --- [    Test worker] com.zaxxer.hikari.HikariDataSource       : HikariPool-1 - Start completed.
2021-10-12 02:06:42.332  INFO 88325 --- [    Test worker] o.hibernate.jpa.internal.util.LogHelper  : HHH000204: Processing PersistenceUnitInfo [name: default]
2021-10-12 02:06:42.375  INFO 88325 --- [    Test worker] org.hibernate.Version                    : HHH000412: Hibernate ORM core version 5.4.32.Final
2021-10-12 02:06:42.488  INFO 88325 --- [    Test worker] o.hibernate.annotations.common.Version   : HCANN000001: Hibernate Commons Annotations {5.1.2.Final}
2021-10-12 02:06:42.677  INFO 88325 --- [    Test worker] org.hibernate.dialect.Dialect            : HHH000400: Using dialect: org.hibernate.dialect.MariaDB103Dialect
2021-10-12 02:06:44.641  INFO 88325 --- [    Test worker] o.h.e.t.j.p.i.JtaPlatformInitiator       : HHH000490: Using JtaPlatform implementation: [org.hibernate.engine.transaction.jta.platform.internal.NoJtaPlatform]
2021-10-12 02:06:44.662  INFO 88325 --- [    Test worker] j.LocalContainerEntityManagerFactoryBean : Initialized JPA EntityManagerFactory for persistence unit 'default'
2021-10-12 02:06:44.795  WARN 88325 --- [    Test worker] JpaBaseConfiguration$JpaWebConfiguration : spring.jpa.open-in-view is enabled by default. Therefore, database queries may be performed during view rendering. Explicitly configure spring.jpa.open-in-view to disable this warning
2021-10-12 02:06:46.659  INFO 88325 --- [    Test worker] .s.s.UserDetailsServiceAutoConfiguration : 

Using generated security password: da20030c-24d8-4e88-abe9-65f6f130aa27

2021-10-12 02:06:46.853  INFO 88325 --- [    Test worker] o.s.s.web.DefaultSecurityFilterChain     : Will secure any request with [org.springframework.security.web.context.request.async.WebAsyncManagerIntegrationFilter@630c2b7, org.springframework.security.web.context.SecurityContextPersistenceFilter@6baf0925, org.springframework.security.web.header.HeaderWriterFilter@39a9668f, org.springframework.security.web.authentication.logout.LogoutFilter@506e6c08, org.springframework.security.web.savedrequest.RequestCacheAwareFilter@703cf3a8, org.springframework.security.web.servletapi.SecurityContextHolderAwareRequestFilter@66fceb4a, org.springframework.security.web.authentication.AnonymousAuthenticationFilter@5dbcc116, org.springframework.security.web.session.SessionManagementFilter@2a2cf971, org.springframework.security.web.access.ExceptionTranslationFilter@433ef9d1]
2021-10-12 02:06:48.333  INFO 88325 --- [    Test worker] c.e.homekiri.HomekiriApplicationTests    : Started HomekiriApplicationTests in 10.168 seconds (JVM running for 11.739)
=======
17:06:41.337 INFO  [File:StartupInfoLogger.java] [Func:logStarting] [Line:55] [Message:Starting HomekiriApplicationTests using Java 16.0.1 on minleeui-MacBookPro.local with PID 26991 (started by minlee in /Users/minlee/Desktop/homekiri/homekiri)]- Starting HomekiriApplicationTests using Java 16.0.1 on minleeui-MacBookPro.local with PID 26991 (started by minlee in /Users/minlee/Desktop/homekiri/homekiri)
17:06:41.340 INFO  [File:SpringApplication.java] [Func:logStartupProfileInfo] [Line:659] [Message:No active profile set, falling back to default profiles: default]- No active profile set, falling back to default profiles: default
17:06:41.843 INFO  [File:RepositoryConfigurationDelegate.java] [Func:registerRepositoriesIn] [Line:132] [Message:Bootstrapping Spring Data JPA repositories in DEFAULT mode.]- Bootstrapping Spring Data JPA repositories in DEFAULT mode.
17:06:41.933 INFO  [File:RepositoryConfigurationDelegate.java] [Func:registerRepositoriesIn] [Line:201] [Message:Finished Spring Data repository scanning in 84 ms. Found 21 JPA repository interfaces.]- Finished Spring Data repository scanning in 84 ms. Found 21 JPA repository interfaces.
17:06:42.346 INFO  [File:HikariDataSource.java] [Func:getConnection] [Line:110] [Message:HikariPool-1 - Starting...]- HikariPool-1 - Starting...
17:06:42.718 INFO  [File:HikariDataSource.java] [Func:getConnection] [Line:123] [Message:HikariPool-1 - Start completed.]- HikariPool-1 - Start completed.
17:06:42.772 INFO  [File:LogHelper.java] [Func:logPersistenceUnitInformation] [Line:31] [Message:HHH000204: Processing PersistenceUnitInfo [name: default]]- HHH000204: Processing PersistenceUnitInfo [name: default]
17:06:42.805 INFO  [File:Version.java] [Func:logVersion] [Line:44] [Message:HHH000412: Hibernate ORM core version 5.4.32.Final]- HHH000412: Hibernate ORM core version 5.4.32.Final
17:06:42.909 INFO  [File:JavaReflectionManager.java] [Func:<clinit>] [Line:56] [Message:HCANN000001: Hibernate Commons Annotations {5.1.2.Final}]- HCANN000001: Hibernate Commons Annotations {5.1.2.Final}
17:06:42.995 INFO  [File:Dialect.java] [Func:<init>] [Line:175] [Message:HHH000400: Using dialect: org.hibernate.dialect.MySQL8Dialect]- HHH000400: Using dialect: org.hibernate.dialect.MySQL8Dialect
17:06:43.682 INFO  [File:JtaPlatformInitiator.java] [Func:initiateService] [Line:52] [Message:HHH000490: Using JtaPlatform implementation: [org.hibernate.engine.transaction.jta.platform.internal.NoJtaPlatform]]- HHH000490: Using JtaPlatform implementation: [org.hibernate.engine.transaction.jta.platform.internal.NoJtaPlatform]
17:06:43.688 INFO  [File:AbstractEntityManagerFactoryBean.java] [Func:buildNativeEntityManagerFactory] [Line:437] [Message:Initialized JPA EntityManagerFactory for persistence unit 'default']- Initialized JPA EntityManagerFactory for persistence unit 'default'
17:06:43.745 WARN  [File:JpaBaseConfiguration.java] [Func:openEntityManagerInViewInterceptor] [Line:219] [Message:spring.jpa.open-in-view is enabled by default. Therefore, database queries may be performed during view rendering. Explicitly configure spring.jpa.open-in-view to disable this warning]- spring.jpa.open-in-view is enabled by default. Therefore, database queries may be performed during view rendering. Explicitly configure spring.jpa.open-in-view to disable this warning
17:06:44.537 INFO  [File:UserDetailsServiceAutoConfiguration.java] [Func:getOrDeducePassword] [Line:86] [Message:

Using generated security password: 38022f79-7ffe-47ec-8ad4-6cc1273b4e9b
]- 

Using generated security password: 38022f79-7ffe-47ec-8ad4-6cc1273b4e9b

17:06:44.617 INFO  [File:DefaultSecurityFilterChain.java] [Func:<init>] [Line:51] [Message:Will secure any request with [org.springframework.security.web.context.request.async.WebAsyncManagerIntegrationFilter@5db01e17, org.springframework.security.web.context.SecurityContextPersistenceFilter@48fdfdbf, org.springframework.security.web.header.HeaderWriterFilter@6a88074f, org.springframework.security.web.authentication.logout.LogoutFilter@37ad1eba, org.springframework.security.web.savedrequest.RequestCacheAwareFilter@2a9646a6, org.springframework.security.web.servletapi.SecurityContextHolderAwareRequestFilter@5e65db54, org.springframework.security.web.authentication.AnonymousAuthenticationFilter@5f6f06b6, org.springframework.security.web.session.SessionManagementFilter@41cdcc15, org.springframework.security.web.access.ExceptionTranslationFilter@fa47053]]- Will secure any request with [org.springframework.security.web.context.request.async.WebAsyncManagerIntegrationFilter@5db01e17, org.springframework.security.web.context.SecurityContextPersistenceFilter@48fdfdbf, org.springframework.security.web.header.HeaderWriterFilter@6a88074f, org.springframework.security.web.authentication.logout.LogoutFilter@37ad1eba, org.springframework.security.web.savedrequest.RequestCacheAwareFilter@2a9646a6, org.springframework.security.web.servletapi.SecurityContextHolderAwareRequestFilter@5e65db54, org.springframework.security.web.authentication.AnonymousAuthenticationFilter@5f6f06b6, org.springframework.security.web.session.SessionManagementFilter@41cdcc15, org.springframework.security.web.access.ExceptionTranslationFilter@fa47053]
17:06:45.173 INFO  [File:StartupInfoLogger.java] [Func:logStarted] [Line:61] [Message:Started HomekiriApplicationTests in 4.266 seconds (JVM running for 4.957)]- Started HomekiriApplicationTests in 4.266 seconds (JVM running for 4.957)
>>>>>>> worldcup
]]></system-out>
  <system-err><![CDATA[]]></system-err>
</testsuite>
