<?xml version="1.0" encoding="UTF-8"?>
<testsuite name="com.example.homekiri.HomekiriApplicationTests" tests="1" skipped="0" failures="0" errors="0" timestamp="2021-09-03T06:07:04" hostname="gimgiyun-ui-MacBookPro.local" time="0.294">
  <properties/>
  <testcase name="contextLoads()" classname="com.example.homekiri.HomekiriApplicationTests" time="0.294"/>
  <system-out><![CDATA[15:06:55.592 [Test worker] DEBUG org.springframework.test.context.BootstrapUtils - Instantiating CacheAwareContextLoaderDelegate from class [org.springframework.test.context.cache.DefaultCacheAwareContextLoaderDelegate]
15:06:55.604 [Test worker] DEBUG org.springframework.test.context.BootstrapUtils - Instantiating BootstrapContext using constructor [public org.springframework.test.context.support.DefaultBootstrapContext(java.lang.Class,org.springframework.test.context.CacheAwareContextLoaderDelegate)]
15:06:55.661 [Test worker] DEBUG org.springframework.test.context.BootstrapUtils - Instantiating TestContextBootstrapper for test class [com.example.homekiri.HomekiriApplicationTests] from class [org.springframework.boot.test.context.SpringBootTestContextBootstrapper]
15:06:55.672 [Test worker] INFO org.springframework.boot.test.context.SpringBootTestContextBootstrapper - Neither @ContextConfiguration nor @ContextHierarchy found for test class [com.example.homekiri.HomekiriApplicationTests], using SpringBootContextLoader
15:06:55.676 [Test worker] DEBUG org.springframework.test.context.support.AbstractContextLoader - Did not detect default resource location for test class [com.example.homekiri.HomekiriApplicationTests]: class path resource [com/example/homekiri/HomekiriApplicationTests-context.xml] does not exist
15:06:55.677 [Test worker] DEBUG org.springframework.test.context.support.AbstractContextLoader - Did not detect default resource location for test class [com.example.homekiri.HomekiriApplicationTests]: class path resource [com/example/homekiri/HomekiriApplicationTestsContext.groovy] does not exist
15:06:55.677 [Test worker] INFO org.springframework.test.context.support.AbstractContextLoader - Could not detect default resource locations for test class [com.example.homekiri.HomekiriApplicationTests]: no resource found for suffixes {-context.xml, Context.groovy}.
15:06:55.678 [Test worker] INFO org.springframework.test.context.support.AnnotationConfigContextLoaderUtils - Could not detect default configuration classes for test class [com.example.homekiri.HomekiriApplicationTests]: HomekiriApplicationTests does not declare any static, non-private, non-final, nested classes annotated with @Configuration.
15:06:55.734 [Test worker] DEBUG org.springframework.test.context.support.ActiveProfilesUtils - Could not find an 'annotation declaring class' for annotation type [org.springframework.test.context.ActiveProfiles] and class [com.example.homekiri.HomekiriApplicationTests]
15:06:55.802 [Test worker] DEBUG org.springframework.context.annotation.ClassPathScanningCandidateComponentProvider - Identified candidate component class: file [/Users/gimgiyun/Desktop/homekiri/build/classes/java/main/com/example/homekiri/HomekiriApplication.class]
15:06:55.816 [Test worker] INFO org.springframework.boot.test.context.SpringBootTestContextBootstrapper - Found @SpringBootConfiguration com.example.homekiri.HomekiriApplication for test class com.example.homekiri.HomekiriApplicationTests
15:06:55.904 [Test worker] DEBUG org.springframework.boot.test.context.SpringBootTestContextBootstrapper - @TestExecutionListeners is not present for class [com.example.homekiri.HomekiriApplicationTests]: using defaults.
15:06:55.904 [Test worker] INFO org.springframework.boot.test.context.SpringBootTestContextBootstrapper - Loaded default TestExecutionListener class names from location [META-INF/spring.factories]: [org.springframework.boot.test.autoconfigure.restdocs.RestDocsTestExecutionListener, org.springframework.boot.test.autoconfigure.web.client.MockRestServiceServerResetTestExecutionListener, org.springframework.boot.test.autoconfigure.web.servlet.MockMvcPrintOnlyOnFailureTestExecutionListener, org.springframework.boot.test.autoconfigure.web.servlet.WebDriverTestExecutionListener, org.springframework.boot.test.autoconfigure.webservices.client.MockWebServiceServerTestExecutionListener, org.springframework.boot.test.mock.mockito.MockitoTestExecutionListener, org.springframework.boot.test.mock.mockito.ResetMocksTestExecutionListener, org.springframework.test.context.web.ServletTestExecutionListener, org.springframework.test.context.support.DirtiesContextBeforeModesTestExecutionListener, org.springframework.test.context.event.ApplicationEventsTestExecutionListener, org.springframework.test.context.support.DependencyInjectionTestExecutionListener, org.springframework.test.context.support.DirtiesContextTestExecutionListener, org.springframework.test.context.transaction.TransactionalTestExecutionListener, org.springframework.test.context.jdbc.SqlScriptsTestExecutionListener, org.springframework.test.context.event.EventPublishingTestExecutionListener]
15:06:55.938 [Test worker] INFO org.springframework.boot.test.context.SpringBootTestContextBootstrapper - Using TestExecutionListeners: [org.springframework.test.context.web.ServletTestExecutionListener@595352f7, org.springframework.test.context.support.DirtiesContextBeforeModesTestExecutionListener@4357422b, org.springframework.test.context.event.ApplicationEventsTestExecutionListener@2a249b00, org.springframework.boot.test.mock.mockito.MockitoTestExecutionListener@70c2d924, org.springframework.boot.test.autoconfigure.SpringBootDependencyInjectionTestExecutionListener@33c5f921, org.springframework.test.context.support.DirtiesContextTestExecutionListener@4afab368, org.springframework.test.context.transaction.TransactionalTestExecutionListener@4408cdac, org.springframework.test.context.jdbc.SqlScriptsTestExecutionListener@226527f0, org.springframework.test.context.event.EventPublishingTestExecutionListener@3ef5ce6c, org.springframework.boot.test.autoconfigure.restdocs.RestDocsTestExecutionListener@218b5b29, org.springframework.boot.test.autoconfigure.web.client.MockRestServiceServerResetTestExecutionListener@236c9719, org.springframework.boot.test.autoconfigure.web.servlet.MockMvcPrintOnlyOnFailureTestExecutionListener@28bd7e23, org.springframework.boot.test.autoconfigure.web.servlet.WebDriverTestExecutionListener@38ab53f6, org.springframework.boot.test.autoconfigure.webservices.client.MockWebServiceServerTestExecutionListener@438205d9, org.springframework.boot.test.mock.mockito.ResetMocksTestExecutionListener@49196ef]
15:06:55.942 [Test worker] DEBUG org.springframework.test.context.support.AbstractDirtiesContextTestExecutionListener - Before test class: context [DefaultTestContext@74524824 testClass = HomekiriApplicationTests, testInstance = [null], testMethod = [null], testException = [null], mergedContextConfiguration = [WebMergedContextConfiguration@42857803 testClass = HomekiriApplicationTests, locations = '{}', classes = '{class com.example.homekiri.HomekiriApplication}', contextInitializerClasses = '[]', activeProfiles = '{}', propertySourceLocations = '{}', propertySourceProperties = '{org.springframework.boot.test.context.SpringBootTestContextBootstrapper=true}', contextCustomizers = set[org.springframework.boot.test.autoconfigure.actuate.metrics.MetricsExportContextCustomizerFactory$DisableMetricExportContextCustomizer@273f26b7, org.springframework.boot.test.autoconfigure.properties.PropertyMappingContextCustomizer@0, org.springframework.boot.test.autoconfigure.web.servlet.WebDriverContextCustomizerFactory$Customizer@6f598344, org.springframework.boot.test.context.filter.ExcludeFilterContextCustomizer@6a76e15d, org.springframework.boot.test.json.DuplicateJsonObjectContextCustomizerFactory$DuplicateJsonObjectContextCustomizer@27b0fcf8, org.springframework.boot.test.mock.mockito.MockitoContextCustomizer@0, org.springframework.boot.test.web.client.TestRestTemplateContextCustomizer@ed95e19, org.springframework.boot.test.context.SpringBootTestArgs@1, org.springframework.boot.test.context.SpringBootTestWebEnvironment@32eaf0bb], resourceBasePath = 'src/main/webapp', contextLoader = 'org.springframework.boot.test.context.SpringBootContextLoader', parent = [null]], attributes = map['org.springframework.test.context.web.ServletTestExecutionListener.activateListener' -> true]], class annotated with @DirtiesContext [false] with mode [null].
15:06:56.000 [Test worker] DEBUG org.springframework.test.context.support.TestPropertySourceUtils - Adding inlined properties to environment: {spring.jmx.enabled=false, org.springframework.boot.test.context.SpringBootTestContextBootstrapper=true}

  .   ____          _            __ _ _
 /\\ / ___'_ __ _ _(_)_ __  __ _ \ \ \ \
( ( )\___ | '_ | '_| | '_ \/ _` | \ \ \ \
 \\/  ___)| |_)| | | | | || (_| |  ) ) ) )
  '  |____| .__|_| |_|_| |_\__, | / / / /
 =========|_|==============|___/=/_/_/_/
 :: Spring Boot ::                (v2.5.3)

15:06:56.561 INFO  [File:StartupInfoLogger.java] [Func:logStarting] [Line:55] [Message:Starting HomekiriApplicationTests using Java 16.0.2 on gimgiyun-ui-MacBookPro.local with PID 6837 (started by gimgiyun in /Users/gimgiyun/Desktop/homekiri)]- Starting HomekiriApplicationTests using Java 16.0.2 on gimgiyun-ui-MacBookPro.local with PID 6837 (started by gimgiyun in /Users/gimgiyun/Desktop/homekiri)
15:06:56.566 INFO  [File:SpringApplication.java] [Func:logStartupProfileInfo] [Line:659] [Message:No active profile set, falling back to default profiles: default]- No active profile set, falling back to default profiles: default
15:06:57.776 INFO  [File:RepositoryConfigurationDelegate.java] [Func:registerRepositoriesIn] [Line:132] [Message:Bootstrapping Spring Data JPA repositories in DEFAULT mode.]- Bootstrapping Spring Data JPA repositories in DEFAULT mode.
15:06:57.969 INFO  [File:RepositoryConfigurationDelegate.java] [Func:registerRepositoriesIn] [Line:201] [Message:Finished Spring Data repository scanning in 185 ms. Found 19 JPA repository interfaces.]- Finished Spring Data repository scanning in 185 ms. Found 19 JPA repository interfaces.
15:06:59.006 INFO  [File:HikariDataSource.java] [Func:getConnection] [Line:110] [Message:HikariPool-1 - Starting...]- HikariPool-1 - Starting...
15:06:59.760 INFO  [File:HikariDataSource.java] [Func:getConnection] [Line:123] [Message:HikariPool-1 - Start completed.]- HikariPool-1 - Start completed.
15:06:59.924 INFO  [File:LogHelper.java] [Func:logPersistenceUnitInformation] [Line:31] [Message:HHH000204: Processing PersistenceUnitInfo [name: default]]- HHH000204: Processing PersistenceUnitInfo [name: default]
15:06:59.973 INFO  [File:Version.java] [Func:logVersion] [Line:44] [Message:HHH000412: Hibernate ORM core version 5.4.32.Final]- HHH000412: Hibernate ORM core version 5.4.32.Final
15:07:00.205 INFO  [File:JavaReflectionManager.java] [Func:<clinit>] [Line:56] [Message:HCANN000001: Hibernate Commons Annotations {5.1.2.Final}]- HCANN000001: Hibernate Commons Annotations {5.1.2.Final}
15:07:00.326 INFO  [File:Dialect.java] [Func:<init>] [Line:175] [Message:HHH000400: Using dialect: org.hibernate.dialect.MySQL8Dialect]- HHH000400: Using dialect: org.hibernate.dialect.MySQL8Dialect
15:07:01.578 INFO  [File:JtaPlatformInitiator.java] [Func:initiateService] [Line:52] [Message:HHH000490: Using JtaPlatform implementation: [org.hibernate.engine.transaction.jta.platform.internal.NoJtaPlatform]]- HHH000490: Using JtaPlatform implementation: [org.hibernate.engine.transaction.jta.platform.internal.NoJtaPlatform]
15:07:01.600 INFO  [File:AbstractEntityManagerFactoryBean.java] [Func:buildNativeEntityManagerFactory] [Line:437] [Message:Initialized JPA EntityManagerFactory for persistence unit 'default']- Initialized JPA EntityManagerFactory for persistence unit 'default'
15:07:01.825 WARN  [File:JpaBaseConfiguration.java] [Func:openEntityManagerInViewInterceptor] [Line:219] [Message:spring.jpa.open-in-view is enabled by default. Therefore, database queries may be performed during view rendering. Explicitly configure spring.jpa.open-in-view to disable this warning]- spring.jpa.open-in-view is enabled by default. Therefore, database queries may be performed during view rendering. Explicitly configure spring.jpa.open-in-view to disable this warning
15:07:03.309 INFO  [File:UserDetailsServiceAutoConfiguration.java] [Func:getOrDeducePassword] [Line:86] [Message:

Using generated security password: 3aba4e86-22bd-4eaf-97dc-fec8db850218
]- 

Using generated security password: 3aba4e86-22bd-4eaf-97dc-fec8db850218

15:07:03.431 INFO  [File:DefaultSecurityFilterChain.java] [Func:<init>] [Line:51] [Message:Will secure any request with [org.springframework.security.web.context.request.async.WebAsyncManagerIntegrationFilter@4d6c6ddf, org.springframework.security.web.context.SecurityContextPersistenceFilter@6aa48dd, org.springframework.security.web.header.HeaderWriterFilter@1210ecd, org.springframework.security.web.authentication.logout.LogoutFilter@23da6c3d, org.springframework.security.web.savedrequest.RequestCacheAwareFilter@661ec0ee, org.springframework.security.web.servletapi.SecurityContextHolderAwareRequestFilter@66d636e9, org.springframework.security.web.authentication.AnonymousAuthenticationFilter@2403bac9, org.springframework.security.web.session.SessionManagementFilter@5a74bad3, org.springframework.security.web.access.ExceptionTranslationFilter@354db32e]]- Will secure any request with [org.springframework.security.web.context.request.async.WebAsyncManagerIntegrationFilter@4d6c6ddf, org.springframework.security.web.context.SecurityContextPersistenceFilter@6aa48dd, org.springframework.security.web.header.HeaderWriterFilter@1210ecd, org.springframework.security.web.authentication.logout.LogoutFilter@23da6c3d, org.springframework.security.web.savedrequest.RequestCacheAwareFilter@661ec0ee, org.springframework.security.web.servletapi.SecurityContextHolderAwareRequestFilter@66d636e9, org.springframework.security.web.authentication.AnonymousAuthenticationFilter@2403bac9, org.springframework.security.web.session.SessionManagementFilter@5a74bad3, org.springframework.security.web.access.ExceptionTranslationFilter@354db32e]
15:07:04.821 INFO  [File:StartupInfoLogger.java] [Func:logStarted] [Line:61] [Message:Started HomekiriApplicationTests in 8.813 seconds (JVM running for 10.307)]- Started HomekiriApplicationTests in 8.813 seconds (JVM running for 10.307)
]]></system-out>
  <system-err><![CDATA[]]></system-err>
</testsuite>
