<?xml version="1.0" encoding="UTF-8"?>
<testsuite name="com.example.homekiri.HomekiriApplicationTests" tests="1" skipped="0" failures="0" errors="0" timestamp="2021-10-04T09:04:32" hostname="gimgiyun-ui-MacBookPro.local" time="0.317">
  <properties/>
  <testcase name="contextLoads()" classname="com.example.homekiri.HomekiriApplicationTests" time="0.317"/>
  <system-out><![CDATA[18:04:22.364 [Test worker] DEBUG org.springframework.test.context.BootstrapUtils - Instantiating CacheAwareContextLoaderDelegate from class [org.springframework.test.context.cache.DefaultCacheAwareContextLoaderDelegate]
18:04:22.376 [Test worker] DEBUG org.springframework.test.context.BootstrapUtils - Instantiating BootstrapContext using constructor [public org.springframework.test.context.support.DefaultBootstrapContext(java.lang.Class,org.springframework.test.context.CacheAwareContextLoaderDelegate)]
18:04:22.438 [Test worker] DEBUG org.springframework.test.context.BootstrapUtils - Instantiating TestContextBootstrapper for test class [com.example.homekiri.HomekiriApplicationTests] from class [org.springframework.boot.test.context.SpringBootTestContextBootstrapper]
18:04:22.451 [Test worker] INFO org.springframework.boot.test.context.SpringBootTestContextBootstrapper - Neither @ContextConfiguration nor @ContextHierarchy found for test class [com.example.homekiri.HomekiriApplicationTests], using SpringBootContextLoader
18:04:22.455 [Test worker] DEBUG org.springframework.test.context.support.AbstractContextLoader - Did not detect default resource location for test class [com.example.homekiri.HomekiriApplicationTests]: class path resource [com/example/homekiri/HomekiriApplicationTests-context.xml] does not exist
18:04:22.456 [Test worker] DEBUG org.springframework.test.context.support.AbstractContextLoader - Did not detect default resource location for test class [com.example.homekiri.HomekiriApplicationTests]: class path resource [com/example/homekiri/HomekiriApplicationTestsContext.groovy] does not exist
18:04:22.456 [Test worker] INFO org.springframework.test.context.support.AbstractContextLoader - Could not detect default resource locations for test class [com.example.homekiri.HomekiriApplicationTests]: no resource found for suffixes {-context.xml, Context.groovy}.
18:04:22.457 [Test worker] INFO org.springframework.test.context.support.AnnotationConfigContextLoaderUtils - Could not detect default configuration classes for test class [com.example.homekiri.HomekiriApplicationTests]: HomekiriApplicationTests does not declare any static, non-private, non-final, nested classes annotated with @Configuration.
18:04:22.517 [Test worker] DEBUG org.springframework.test.context.support.ActiveProfilesUtils - Could not find an 'annotation declaring class' for annotation type [org.springframework.test.context.ActiveProfiles] and class [com.example.homekiri.HomekiriApplicationTests]
18:04:22.591 [Test worker] DEBUG org.springframework.context.annotation.ClassPathScanningCandidateComponentProvider - Identified candidate component class: file [/Users/gimgiyun/Desktop/homekiri/build/classes/java/main/com/example/homekiri/HomekiriApplication.class]
18:04:22.609 [Test worker] INFO org.springframework.boot.test.context.SpringBootTestContextBootstrapper - Found @SpringBootConfiguration com.example.homekiri.HomekiriApplication for test class com.example.homekiri.HomekiriApplicationTests
18:04:22.713 [Test worker] DEBUG org.springframework.boot.test.context.SpringBootTestContextBootstrapper - @TestExecutionListeners is not present for class [com.example.homekiri.HomekiriApplicationTests]: using defaults.
18:04:22.713 [Test worker] INFO org.springframework.boot.test.context.SpringBootTestContextBootstrapper - Loaded default TestExecutionListener class names from location [META-INF/spring.factories]: [org.springframework.boot.test.autoconfigure.restdocs.RestDocsTestExecutionListener, org.springframework.boot.test.autoconfigure.web.client.MockRestServiceServerResetTestExecutionListener, org.springframework.boot.test.autoconfigure.web.servlet.MockMvcPrintOnlyOnFailureTestExecutionListener, org.springframework.boot.test.autoconfigure.web.servlet.WebDriverTestExecutionListener, org.springframework.boot.test.autoconfigure.webservices.client.MockWebServiceServerTestExecutionListener, org.springframework.boot.test.mock.mockito.MockitoTestExecutionListener, org.springframework.boot.test.mock.mockito.ResetMocksTestExecutionListener, org.springframework.test.context.web.ServletTestExecutionListener, org.springframework.test.context.support.DirtiesContextBeforeModesTestExecutionListener, org.springframework.test.context.event.ApplicationEventsTestExecutionListener, org.springframework.test.context.support.DependencyInjectionTestExecutionListener, org.springframework.test.context.support.DirtiesContextTestExecutionListener, org.springframework.test.context.transaction.TransactionalTestExecutionListener, org.springframework.test.context.jdbc.SqlScriptsTestExecutionListener, org.springframework.test.context.event.EventPublishingTestExecutionListener]
18:04:22.746 [Test worker] INFO org.springframework.boot.test.context.SpringBootTestContextBootstrapper - Using TestExecutionListeners: [org.springframework.test.context.web.ServletTestExecutionListener@595352f7, org.springframework.test.context.support.DirtiesContextBeforeModesTestExecutionListener@4357422b, org.springframework.test.context.event.ApplicationEventsTestExecutionListener@2a249b00, org.springframework.boot.test.mock.mockito.MockitoTestExecutionListener@70c2d924, org.springframework.boot.test.autoconfigure.SpringBootDependencyInjectionTestExecutionListener@33c5f921, org.springframework.test.context.support.DirtiesContextTestExecutionListener@4afab368, org.springframework.test.context.transaction.TransactionalTestExecutionListener@4408cdac, org.springframework.test.context.jdbc.SqlScriptsTestExecutionListener@226527f0, org.springframework.test.context.event.EventPublishingTestExecutionListener@3ef5ce6c, org.springframework.boot.test.autoconfigure.restdocs.RestDocsTestExecutionListener@218b5b29, org.springframework.boot.test.autoconfigure.web.client.MockRestServiceServerResetTestExecutionListener@236c9719, org.springframework.boot.test.autoconfigure.web.servlet.MockMvcPrintOnlyOnFailureTestExecutionListener@28bd7e23, org.springframework.boot.test.autoconfigure.web.servlet.WebDriverTestExecutionListener@38ab53f6, org.springframework.boot.test.autoconfigure.webservices.client.MockWebServiceServerTestExecutionListener@438205d9, org.springframework.boot.test.mock.mockito.ResetMocksTestExecutionListener@49196ef]
18:04:22.751 [Test worker] DEBUG org.springframework.test.context.support.AbstractDirtiesContextTestExecutionListener - Before test class: context [DefaultTestContext@74524824 testClass = HomekiriApplicationTests, testInstance = [null], testMethod = [null], testException = [null], mergedContextConfiguration = [WebMergedContextConfiguration@42857803 testClass = HomekiriApplicationTests, locations = '{}', classes = '{class com.example.homekiri.HomekiriApplication}', contextInitializerClasses = '[]', activeProfiles = '{}', propertySourceLocations = '{}', propertySourceProperties = '{org.springframework.boot.test.context.SpringBootTestContextBootstrapper=true}', contextCustomizers = set[org.springframework.boot.test.autoconfigure.actuate.metrics.MetricsExportContextCustomizerFactory$DisableMetricExportContextCustomizer@273f26b7, org.springframework.boot.test.autoconfigure.properties.PropertyMappingContextCustomizer@0, org.springframework.boot.test.autoconfigure.web.servlet.WebDriverContextCustomizerFactory$Customizer@6f598344, org.springframework.boot.test.context.filter.ExcludeFilterContextCustomizer@6a76e15d, org.springframework.boot.test.json.DuplicateJsonObjectContextCustomizerFactory$DuplicateJsonObjectContextCustomizer@27b0fcf8, org.springframework.boot.test.mock.mockito.MockitoContextCustomizer@0, org.springframework.boot.test.web.client.TestRestTemplateContextCustomizer@ed95e19, org.springframework.boot.test.context.SpringBootTestArgs@1, org.springframework.boot.test.context.SpringBootTestWebEnvironment@32eaf0bb], resourceBasePath = 'src/main/webapp', contextLoader = 'org.springframework.boot.test.context.SpringBootContextLoader', parent = [null]], attributes = map['org.springframework.test.context.web.ServletTestExecutionListener.activateListener' -> true]], class annotated with @DirtiesContext [false] with mode [null].
18:04:22.824 [Test worker] DEBUG org.springframework.test.context.support.TestPropertySourceUtils - Adding inlined properties to environment: {spring.jmx.enabled=false, org.springframework.boot.test.context.SpringBootTestContextBootstrapper=true}

  .   ____          _            __ _ _
 /\\ / ___'_ __ _ _(_)_ __  __ _ \ \ \ \
( ( )\___ | '_ | '_| | '_ \/ _` | \ \ \ \
 \\/  ___)| |_)| | | | | || (_| |  ) ) ) )
  '  |____| .__|_| |_|_| |_\__, | / / / /
 =========|_|==============|___/=/_/_/_/
 :: Spring Boot ::                (v2.5.3)

2021-10-04 18:04:23.299  INFO 19640 --- [    Test worker] c.e.homekiri.HomekiriApplicationTests    : Starting HomekiriApplicationTests using Java 16.0.2 on gimgiyun-ui-MacBookPro.local with PID 19640 (started by gimgiyun in /Users/gimgiyun/Desktop/homekiri)
2021-10-04 18:04:23.305  INFO 19640 --- [    Test worker] c.e.homekiri.HomekiriApplicationTests    : No active profile set, falling back to default profiles: default
2021-10-04 18:04:24.763  INFO 19640 --- [    Test worker] .s.d.r.c.RepositoryConfigurationDelegate : Bootstrapping Spring Data JPA repositories in DEFAULT mode.
2021-10-04 18:04:24.966  INFO 19640 --- [    Test worker] .s.d.r.c.RepositoryConfigurationDelegate : Finished Spring Data repository scanning in 191 ms. Found 19 JPA repository interfaces.
2021-10-04 18:04:25.962  INFO 19640 --- [    Test worker] com.zaxxer.hikari.HikariDataSource       : HikariPool-1 - Starting...
2021-10-04 18:04:26.642  INFO 19640 --- [    Test worker] com.zaxxer.hikari.HikariDataSource       : HikariPool-1 - Start completed.
2021-10-04 18:04:26.801  INFO 19640 --- [    Test worker] o.hibernate.jpa.internal.util.LogHelper  : HHH000204: Processing PersistenceUnitInfo [name: default]
2021-10-04 18:04:26.860  INFO 19640 --- [    Test worker] org.hibernate.Version                    : HHH000412: Hibernate ORM core version 5.4.32.Final
2021-10-04 18:04:27.005  INFO 19640 --- [    Test worker] o.hibernate.annotations.common.Version   : HCANN000001: Hibernate Commons Annotations {5.1.2.Final}
2021-10-04 18:04:27.103  INFO 19640 --- [    Test worker] org.hibernate.dialect.Dialect            : HHH000400: Using dialect: org.hibernate.dialect.MySQL8Dialect
2021-10-04 18:04:29.110  INFO 19640 --- [    Test worker] o.h.e.t.j.p.i.JtaPlatformInitiator       : HHH000490: Using JtaPlatform implementation: [org.hibernate.engine.transaction.jta.platform.internal.NoJtaPlatform]
2021-10-04 18:04:29.123  INFO 19640 --- [    Test worker] j.LocalContainerEntityManagerFactoryBean : Initialized JPA EntityManagerFactory for persistence unit 'default'
2021-10-04 18:04:29.363  WARN 19640 --- [    Test worker] JpaBaseConfiguration$JpaWebConfiguration : spring.jpa.open-in-view is enabled by default. Therefore, database queries may be performed during view rendering. Explicitly configure spring.jpa.open-in-view to disable this warning
2021-10-04 18:04:31.013  INFO 19640 --- [    Test worker] .s.s.UserDetailsServiceAutoConfiguration : 

Using generated security password: 43bd057c-3a57-44b3-bb59-b0959a039784

2021-10-04 18:04:31.113  INFO 19640 --- [    Test worker] o.s.s.web.DefaultSecurityFilterChain     : Will secure any request with [org.springframework.security.web.context.request.async.WebAsyncManagerIntegrationFilter@601b9286, org.springframework.security.web.context.SecurityContextPersistenceFilter@2e5951e7, org.springframework.security.web.header.HeaderWriterFilter@46bdb72d, org.springframework.security.web.authentication.logout.LogoutFilter@59d13189, org.springframework.security.web.savedrequest.RequestCacheAwareFilter@1e99d81, org.springframework.security.web.servletapi.SecurityContextHolderAwareRequestFilter@2bd5723c, org.springframework.security.web.authentication.AnonymousAuthenticationFilter@5ecd48dd, org.springframework.security.web.session.SessionManagementFilter@2bdc326d, org.springframework.security.web.access.ExceptionTranslationFilter@2501a111]
2021-10-04 18:04:32.716  INFO 19640 --- [    Test worker] c.e.homekiri.HomekiriApplicationTests    : Started HomekiriApplicationTests in 9.883 seconds (JVM running for 11.512)
]]></system-out>
  <system-err><![CDATA[]]></system-err>
</testsuite>
