<?xml version="1.0" encoding="UTF-8"?>
<testsuite name="com.example.homekiri.HomekiriApplicationTests" tests="1" skipped="0" failures="0" errors="0" timestamp="2021-08-11T07:50:57" hostname="gimgiyun-ui-MacBookPro.local" time="0.219">
  <properties/>
  <testcase name="contextLoads()" classname="com.example.homekiri.HomekiriApplicationTests" time="0.219"/>
  <system-out><![CDATA[16:50:50.004 [Test worker] DEBUG org.springframework.test.context.BootstrapUtils - Instantiating CacheAwareContextLoaderDelegate from class [org.springframework.test.context.cache.DefaultCacheAwareContextLoaderDelegate]
16:50:50.016 [Test worker] DEBUG org.springframework.test.context.BootstrapUtils - Instantiating BootstrapContext using constructor [public org.springframework.test.context.support.DefaultBootstrapContext(java.lang.Class,org.springframework.test.context.CacheAwareContextLoaderDelegate)]
16:50:50.064 [Test worker] DEBUG org.springframework.test.context.BootstrapUtils - Instantiating TestContextBootstrapper for test class [com.example.homekiri.HomekiriApplicationTests] from class [org.springframework.boot.test.context.SpringBootTestContextBootstrapper]
16:50:50.078 [Test worker] INFO org.springframework.boot.test.context.SpringBootTestContextBootstrapper - Neither @ContextConfiguration nor @ContextHierarchy found for test class [com.example.homekiri.HomekiriApplicationTests], using SpringBootContextLoader
16:50:50.082 [Test worker] DEBUG org.springframework.test.context.support.AbstractContextLoader - Did not detect default resource location for test class [com.example.homekiri.HomekiriApplicationTests]: class path resource [com/example/homekiri/HomekiriApplicationTests-context.xml] does not exist
16:50:50.083 [Test worker] DEBUG org.springframework.test.context.support.AbstractContextLoader - Did not detect default resource location for test class [com.example.homekiri.HomekiriApplicationTests]: class path resource [com/example/homekiri/HomekiriApplicationTestsContext.groovy] does not exist
16:50:50.084 [Test worker] INFO org.springframework.test.context.support.AbstractContextLoader - Could not detect default resource locations for test class [com.example.homekiri.HomekiriApplicationTests]: no resource found for suffixes {-context.xml, Context.groovy}.
16:50:50.084 [Test worker] INFO org.springframework.test.context.support.AnnotationConfigContextLoaderUtils - Could not detect default configuration classes for test class [com.example.homekiri.HomekiriApplicationTests]: HomekiriApplicationTests does not declare any static, non-private, non-final, nested classes annotated with @Configuration.
16:50:50.148 [Test worker] DEBUG org.springframework.test.context.support.ActiveProfilesUtils - Could not find an 'annotation declaring class' for annotation type [org.springframework.test.context.ActiveProfiles] and class [com.example.homekiri.HomekiriApplicationTests]
16:50:50.214 [Test worker] DEBUG org.springframework.context.annotation.ClassPathScanningCandidateComponentProvider - Identified candidate component class: file [/Users/gimgiyun/Desktop/homekiri/build/classes/java/main/com/example/homekiri/HomekiriApplication.class]
16:50:50.222 [Test worker] INFO org.springframework.boot.test.context.SpringBootTestContextBootstrapper - Found @SpringBootConfiguration com.example.homekiri.HomekiriApplication for test class com.example.homekiri.HomekiriApplicationTests
16:50:50.315 [Test worker] DEBUG org.springframework.boot.test.context.SpringBootTestContextBootstrapper - @TestExecutionListeners is not present for class [com.example.homekiri.HomekiriApplicationTests]: using defaults.
16:50:50.315 [Test worker] INFO org.springframework.boot.test.context.SpringBootTestContextBootstrapper - Loaded default TestExecutionListener class names from location [META-INF/spring.factories]: [org.springframework.boot.test.autoconfigure.restdocs.RestDocsTestExecutionListener, org.springframework.boot.test.autoconfigure.web.client.MockRestServiceServerResetTestExecutionListener, org.springframework.boot.test.autoconfigure.web.servlet.MockMvcPrintOnlyOnFailureTestExecutionListener, org.springframework.boot.test.autoconfigure.web.servlet.WebDriverTestExecutionListener, org.springframework.boot.test.autoconfigure.webservices.client.MockWebServiceServerTestExecutionListener, org.springframework.boot.test.mock.mockito.MockitoTestExecutionListener, org.springframework.boot.test.mock.mockito.ResetMocksTestExecutionListener, org.springframework.test.context.web.ServletTestExecutionListener, org.springframework.test.context.support.DirtiesContextBeforeModesTestExecutionListener, org.springframework.test.context.event.ApplicationEventsTestExecutionListener, org.springframework.test.context.support.DependencyInjectionTestExecutionListener, org.springframework.test.context.support.DirtiesContextTestExecutionListener, org.springframework.test.context.transaction.TransactionalTestExecutionListener, org.springframework.test.context.jdbc.SqlScriptsTestExecutionListener, org.springframework.test.context.event.EventPublishingTestExecutionListener]
16:50:50.344 [Test worker] INFO org.springframework.boot.test.context.SpringBootTestContextBootstrapper - Using TestExecutionListeners: [org.springframework.test.context.web.ServletTestExecutionListener@782687b8, org.springframework.test.context.support.DirtiesContextBeforeModesTestExecutionListener@11aeedd8, org.springframework.test.context.event.ApplicationEventsTestExecutionListener@5323f34e, org.springframework.boot.test.mock.mockito.MockitoTestExecutionListener@475bbc16, org.springframework.boot.test.autoconfigure.SpringBootDependencyInjectionTestExecutionListener@b0ce802, org.springframework.test.context.support.DirtiesContextTestExecutionListener@6daa0496, org.springframework.test.context.transaction.TransactionalTestExecutionListener@21df33ee, org.springframework.test.context.jdbc.SqlScriptsTestExecutionListener@3bfe90cf, org.springframework.test.context.event.EventPublishingTestExecutionListener@57de234a, org.springframework.boot.test.autoconfigure.restdocs.RestDocsTestExecutionListener@6a6d1393, org.springframework.boot.test.autoconfigure.web.client.MockRestServiceServerResetTestExecutionListener@32751d73, org.springframework.boot.test.autoconfigure.web.servlet.MockMvcPrintOnlyOnFailureTestExecutionListener@7dc28b1a, org.springframework.boot.test.autoconfigure.web.servlet.WebDriverTestExecutionListener@5ba0239b, org.springframework.boot.test.autoconfigure.webservices.client.MockWebServiceServerTestExecutionListener@595352f7, org.springframework.boot.test.mock.mockito.ResetMocksTestExecutionListener@4357422b]
16:50:50.348 [Test worker] DEBUG org.springframework.test.context.support.AbstractDirtiesContextTestExecutionListener - Before test class: context [DefaultTestContext@11c17a5b testClass = HomekiriApplicationTests, testInstance = [null], testMethod = [null], testException = [null], mergedContextConfiguration = [WebMergedContextConfiguration@3444b2b testClass = HomekiriApplicationTests, locations = '{}', classes = '{class com.example.homekiri.HomekiriApplication}', contextInitializerClasses = '[]', activeProfiles = '{}', propertySourceLocations = '{}', propertySourceProperties = '{org.springframework.boot.test.context.SpringBootTestContextBootstrapper=true}', contextCustomizers = set[org.springframework.boot.test.autoconfigure.actuate.metrics.MetricsExportContextCustomizerFactory$DisableMetricExportContextCustomizer@273f26b7, org.springframework.boot.test.autoconfigure.properties.PropertyMappingContextCustomizer@0, org.springframework.boot.test.autoconfigure.web.servlet.WebDriverContextCustomizerFactory$Customizer@6f598344, org.springframework.boot.test.context.filter.ExcludeFilterContextCustomizer@6a76e15d, org.springframework.boot.test.json.DuplicateJsonObjectContextCustomizerFactory$DuplicateJsonObjectContextCustomizer@27b0fcf8, org.springframework.boot.test.mock.mockito.MockitoContextCustomizer@0, org.springframework.boot.test.web.client.TestRestTemplateContextCustomizer@ed95e19, org.springframework.boot.test.context.SpringBootTestArgs@1, org.springframework.boot.test.context.SpringBootTestWebEnvironment@32eaf0bb], resourceBasePath = 'src/main/webapp', contextLoader = 'org.springframework.boot.test.context.SpringBootContextLoader', parent = [null]], attributes = map['org.springframework.test.context.web.ServletTestExecutionListener.activateListener' -> true]], class annotated with @DirtiesContext [false] with mode [null].
16:50:50.411 [Test worker] DEBUG org.springframework.test.context.support.TestPropertySourceUtils - Adding inlined properties to environment: {spring.jmx.enabled=false, org.springframework.boot.test.context.SpringBootTestContextBootstrapper=true}

  .   ____          _            __ _ _
 /\\ / ___'_ __ _ _(_)_ __  __ _ \ \ \ \
( ( )\___ | '_ | '_| | '_ \/ _` | \ \ \ \
 \\/  ___)| |_)| | | | | || (_| |  ) ) ) )
  '  |____| .__|_| |_|_| |_\__, | / / / /
 =========|_|==============|___/=/_/_/_/
 :: Spring Boot ::                (v2.5.3)

16:50:51.041 INFO  [File:StartupInfoLogger.java] [Func:logStarting] [Line:55] [Message:Starting HomekiriApplicationTests using Java 16.0.2 on gimgiyun-ui-MacBookPro.local with PID 71881 (started by gimgiyun in /Users/gimgiyun/Desktop/homekiri)]- Starting HomekiriApplicationTests using Java 16.0.2 on gimgiyun-ui-MacBookPro.local with PID 71881 (started by gimgiyun in /Users/gimgiyun/Desktop/homekiri)
16:50:51.047 INFO  [File:SpringApplication.java] [Func:logStartupProfileInfo] [Line:659] [Message:No active profile set, falling back to default profiles: default]- No active profile set, falling back to default profiles: default
16:50:52.204 INFO  [File:RepositoryConfigurationDelegate.java] [Func:registerRepositoriesIn] [Line:132] [Message:Bootstrapping Spring Data JPA repositories in DEFAULT mode.]- Bootstrapping Spring Data JPA repositories in DEFAULT mode.
16:50:52.234 INFO  [File:RepositoryConfigurationDelegate.java] [Func:registerRepositoriesIn] [Line:201] [Message:Finished Spring Data repository scanning in 19 ms. Found 0 JPA repository interfaces.]- Finished Spring Data repository scanning in 19 ms. Found 0 JPA repository interfaces.
16:50:53.158 INFO  [File:HikariDataSource.java] [Func:getConnection] [Line:110] [Message:HikariPool-1 - Starting...]- HikariPool-1 - Starting...
16:50:53.887 INFO  [File:HikariDataSource.java] [Func:getConnection] [Line:123] [Message:HikariPool-1 - Start completed.]- HikariPool-1 - Start completed.
16:50:54.054 INFO  [File:LogHelper.java] [Func:logPersistenceUnitInformation] [Line:31] [Message:HHH000204: Processing PersistenceUnitInfo [name: default]]- HHH000204: Processing PersistenceUnitInfo [name: default]
16:50:54.109 INFO  [File:Version.java] [Func:logVersion] [Line:44] [Message:HHH000412: Hibernate ORM core version 5.4.32.Final]- HHH000412: Hibernate ORM core version 5.4.32.Final
16:50:54.248 INFO  [File:JavaReflectionManager.java] [Func:<clinit>] [Line:56] [Message:HCANN000001: Hibernate Commons Annotations {5.1.2.Final}]- HCANN000001: Hibernate Commons Annotations {5.1.2.Final}
16:50:54.348 INFO  [File:Dialect.java] [Func:<init>] [Line:175] [Message:HHH000400: Using dialect: org.hibernate.dialect.MySQL8Dialect]- HHH000400: Using dialect: org.hibernate.dialect.MySQL8Dialect
16:50:54.793 INFO  [File:JtaPlatformInitiator.java] [Func:initiateService] [Line:52] [Message:HHH000490: Using JtaPlatform implementation: [org.hibernate.engine.transaction.jta.platform.internal.NoJtaPlatform]]- HHH000490: Using JtaPlatform implementation: [org.hibernate.engine.transaction.jta.platform.internal.NoJtaPlatform]
16:50:54.800 INFO  [File:AbstractEntityManagerFactoryBean.java] [Func:buildNativeEntityManagerFactory] [Line:437] [Message:Initialized JPA EntityManagerFactory for persistence unit 'default']- Initialized JPA EntityManagerFactory for persistence unit 'default'
16:50:54.940 WARN  [File:JpaBaseConfiguration.java] [Func:openEntityManagerInViewInterceptor] [Line:219] [Message:spring.jpa.open-in-view is enabled by default. Therefore, database queries may be performed during view rendering. Explicitly configure spring.jpa.open-in-view to disable this warning]- spring.jpa.open-in-view is enabled by default. Therefore, database queries may be performed during view rendering. Explicitly configure spring.jpa.open-in-view to disable this warning
16:50:55.263 INFO  [File:UserDetailsServiceAutoConfiguration.java] [Func:getOrDeducePassword] [Line:86] [Message:

Using generated security password: 10609e17-b056-47d1-b6df-7c54be770686
]- 

Using generated security password: 10609e17-b056-47d1-b6df-7c54be770686

16:50:55.393 INFO  [File:DefaultSecurityFilterChain.java] [Func:<init>] [Line:51] [Message:Will secure any request with [org.springframework.security.web.context.request.async.WebAsyncManagerIntegrationFilter@2ac3c60, org.springframework.security.web.context.SecurityContextPersistenceFilter@2fc65e14, org.springframework.security.web.header.HeaderWriterFilter@187c1cc0, org.springframework.security.web.authentication.logout.LogoutFilter@5e832555, org.springframework.security.web.savedrequest.RequestCacheAwareFilter@1684eef5, org.springframework.security.web.servletapi.SecurityContextHolderAwareRequestFilter@18885a0d, org.springframework.security.web.authentication.AnonymousAuthenticationFilter@aaf917a, org.springframework.security.web.session.SessionManagementFilter@325901e6, org.springframework.security.web.access.ExceptionTranslationFilter@4d3bf8b2]]- Will secure any request with [org.springframework.security.web.context.request.async.WebAsyncManagerIntegrationFilter@2ac3c60, org.springframework.security.web.context.SecurityContextPersistenceFilter@2fc65e14, org.springframework.security.web.header.HeaderWriterFilter@187c1cc0, org.springframework.security.web.authentication.logout.LogoutFilter@5e832555, org.springframework.security.web.savedrequest.RequestCacheAwareFilter@1684eef5, org.springframework.security.web.servletapi.SecurityContextHolderAwareRequestFilter@18885a0d, org.springframework.security.web.authentication.AnonymousAuthenticationFilter@aaf917a, org.springframework.security.web.session.SessionManagementFilter@325901e6, org.springframework.security.web.access.ExceptionTranslationFilter@4d3bf8b2]
16:50:56.991 INFO  [File:StartupInfoLogger.java] [Func:logStarted] [Line:61] [Message:Started HomekiriApplicationTests in 6.571 seconds (JVM running for 8.166)]- Started HomekiriApplicationTests in 6.571 seconds (JVM running for 8.166)
]]></system-out>
  <system-err><![CDATA[]]></system-err>
</testsuite>
