<?xml version="1.0" encoding="UTF-8"?>
<testsuite name="com.example.homekiri.HomekiriApplicationTests" tests="1" skipped="0" failures="0" errors="0" timestamp="2021-10-11T16:51:50" hostname="gimgiyun-ui-MacBookPro.local" time="0.38">
  <properties/>
  <testcase name="contextLoads()" classname="com.example.homekiri.HomekiriApplicationTests" time="0.38"/>
  <system-out><![CDATA[01:51:35.922 [Test worker] DEBUG org.springframework.test.context.BootstrapUtils - Instantiating CacheAwareContextLoaderDelegate from class [org.springframework.test.context.cache.DefaultCacheAwareContextLoaderDelegate]
01:51:35.936 [Test worker] DEBUG org.springframework.test.context.BootstrapUtils - Instantiating BootstrapContext using constructor [public org.springframework.test.context.support.DefaultBootstrapContext(java.lang.Class,org.springframework.test.context.CacheAwareContextLoaderDelegate)]
01:51:36.021 [Test worker] DEBUG org.springframework.test.context.BootstrapUtils - Instantiating TestContextBootstrapper for test class [com.example.homekiri.HomekiriApplicationTests] from class [org.springframework.boot.test.context.SpringBootTestContextBootstrapper]
01:51:36.035 [Test worker] INFO org.springframework.boot.test.context.SpringBootTestContextBootstrapper - Neither @ContextConfiguration nor @ContextHierarchy found for test class [com.example.homekiri.HomekiriApplicationTests], using SpringBootContextLoader
01:51:36.038 [Test worker] DEBUG org.springframework.test.context.support.AbstractContextLoader - Did not detect default resource location for test class [com.example.homekiri.HomekiriApplicationTests]: class path resource [com/example/homekiri/HomekiriApplicationTests-context.xml] does not exist
01:51:36.040 [Test worker] DEBUG org.springframework.test.context.support.AbstractContextLoader - Did not detect default resource location for test class [com.example.homekiri.HomekiriApplicationTests]: class path resource [com/example/homekiri/HomekiriApplicationTestsContext.groovy] does not exist
01:51:36.041 [Test worker] INFO org.springframework.test.context.support.AbstractContextLoader - Could not detect default resource locations for test class [com.example.homekiri.HomekiriApplicationTests]: no resource found for suffixes {-context.xml, Context.groovy}.
01:51:36.041 [Test worker] INFO org.springframework.test.context.support.AnnotationConfigContextLoaderUtils - Could not detect default configuration classes for test class [com.example.homekiri.HomekiriApplicationTests]: HomekiriApplicationTests does not declare any static, non-private, non-final, nested classes annotated with @Configuration.
01:51:36.116 [Test worker] DEBUG org.springframework.test.context.support.ActiveProfilesUtils - Could not find an 'annotation declaring class' for annotation type [org.springframework.test.context.ActiveProfiles] and class [com.example.homekiri.HomekiriApplicationTests]
01:51:36.223 [Test worker] DEBUG org.springframework.context.annotation.ClassPathScanningCandidateComponentProvider - Identified candidate component class: file [/Users/gimgiyun/Desktop/homekiri/build/classes/java/main/com/example/homekiri/HomekiriApplication.class]
01:51:36.292 [Test worker] INFO org.springframework.boot.test.context.SpringBootTestContextBootstrapper - Found @SpringBootConfiguration com.example.homekiri.HomekiriApplication for test class com.example.homekiri.HomekiriApplicationTests
01:51:36.467 [Test worker] DEBUG org.springframework.boot.test.context.SpringBootTestContextBootstrapper - @TestExecutionListeners is not present for class [com.example.homekiri.HomekiriApplicationTests]: using defaults.
01:51:36.468 [Test worker] INFO org.springframework.boot.test.context.SpringBootTestContextBootstrapper - Loaded default TestExecutionListener class names from location [META-INF/spring.factories]: [org.springframework.boot.test.autoconfigure.restdocs.RestDocsTestExecutionListener, org.springframework.boot.test.autoconfigure.web.client.MockRestServiceServerResetTestExecutionListener, org.springframework.boot.test.autoconfigure.web.servlet.MockMvcPrintOnlyOnFailureTestExecutionListener, org.springframework.boot.test.autoconfigure.web.servlet.WebDriverTestExecutionListener, org.springframework.boot.test.autoconfigure.webservices.client.MockWebServiceServerTestExecutionListener, org.springframework.boot.test.mock.mockito.MockitoTestExecutionListener, org.springframework.boot.test.mock.mockito.ResetMocksTestExecutionListener, org.springframework.test.context.web.ServletTestExecutionListener, org.springframework.test.context.support.DirtiesContextBeforeModesTestExecutionListener, org.springframework.test.context.event.ApplicationEventsTestExecutionListener, org.springframework.test.context.support.DependencyInjectionTestExecutionListener, org.springframework.test.context.support.DirtiesContextTestExecutionListener, org.springframework.test.context.transaction.TransactionalTestExecutionListener, org.springframework.test.context.jdbc.SqlScriptsTestExecutionListener, org.springframework.test.context.event.EventPublishingTestExecutionListener]
01:51:36.482 [Test worker] INFO org.springframework.boot.test.context.SpringBootTestContextBootstrapper - Using TestExecutionListeners: [org.springframework.test.context.web.ServletTestExecutionListener@595352f7, org.springframework.test.context.support.DirtiesContextBeforeModesTestExecutionListener@4357422b, org.springframework.test.context.event.ApplicationEventsTestExecutionListener@2a249b00, org.springframework.boot.test.mock.mockito.MockitoTestExecutionListener@70c2d924, org.springframework.boot.test.autoconfigure.SpringBootDependencyInjectionTestExecutionListener@33c5f921, org.springframework.test.context.support.DirtiesContextTestExecutionListener@4afab368, org.springframework.test.context.transaction.TransactionalTestExecutionListener@4408cdac, org.springframework.test.context.jdbc.SqlScriptsTestExecutionListener@226527f0, org.springframework.test.context.event.EventPublishingTestExecutionListener@3ef5ce6c, org.springframework.boot.test.autoconfigure.restdocs.RestDocsTestExecutionListener@218b5b29, org.springframework.boot.test.autoconfigure.web.client.MockRestServiceServerResetTestExecutionListener@236c9719, org.springframework.boot.test.autoconfigure.web.servlet.MockMvcPrintOnlyOnFailureTestExecutionListener@28bd7e23, org.springframework.boot.test.autoconfigure.web.servlet.WebDriverTestExecutionListener@38ab53f6, org.springframework.boot.test.autoconfigure.webservices.client.MockWebServiceServerTestExecutionListener@438205d9, org.springframework.boot.test.mock.mockito.ResetMocksTestExecutionListener@49196ef]
01:51:36.485 [Test worker] DEBUG org.springframework.test.context.support.AbstractDirtiesContextTestExecutionListener - Before test class: context [DefaultTestContext@74524824 testClass = HomekiriApplicationTests, testInstance = [null], testMethod = [null], testException = [null], mergedContextConfiguration = [WebMergedContextConfiguration@42857803 testClass = HomekiriApplicationTests, locations = '{}', classes = '{class com.example.homekiri.HomekiriApplication}', contextInitializerClasses = '[]', activeProfiles = '{}', propertySourceLocations = '{}', propertySourceProperties = '{org.springframework.boot.test.context.SpringBootTestContextBootstrapper=true}', contextCustomizers = set[org.springframework.boot.test.autoconfigure.actuate.metrics.MetricsExportContextCustomizerFactory$DisableMetricExportContextCustomizer@273f26b7, org.springframework.boot.test.autoconfigure.properties.PropertyMappingContextCustomizer@0, org.springframework.boot.test.autoconfigure.web.servlet.WebDriverContextCustomizerFactory$Customizer@6f598344, org.springframework.boot.test.context.filter.ExcludeFilterContextCustomizer@6a76e15d, org.springframework.boot.test.json.DuplicateJsonObjectContextCustomizerFactory$DuplicateJsonObjectContextCustomizer@27b0fcf8, org.springframework.boot.test.mock.mockito.MockitoContextCustomizer@0, org.springframework.boot.test.web.client.TestRestTemplateContextCustomizer@ed95e19, org.springframework.boot.test.context.SpringBootTestArgs@1, org.springframework.boot.test.context.SpringBootTestWebEnvironment@32eaf0bb], resourceBasePath = 'src/main/webapp', contextLoader = 'org.springframework.boot.test.context.SpringBootContextLoader', parent = [null]], attributes = map['org.springframework.test.context.web.ServletTestExecutionListener.activateListener' -> true]], class annotated with @DirtiesContext [false] with mode [null].
01:51:36.552 [Test worker] DEBUG org.springframework.test.context.support.TestPropertySourceUtils - Adding inlined properties to environment: {spring.jmx.enabled=false, org.springframework.boot.test.context.SpringBootTestContextBootstrapper=true}

  .   ____          _            __ _ _
 /\\ / ___'_ __ _ _(_)_ __  __ _ \ \ \ \
( ( )\___ | '_ | '_| | '_ \/ _` | \ \ \ \
 \\/  ___)| |_)| | | | | || (_| |  ) ) ) )
  '  |____| .__|_| |_|_| |_\__, | / / / /
 =========|_|==============|___/=/_/_/_/
 :: Spring Boot ::                (v2.5.3)

2021-10-12 01:51:37.508  INFO 86608 --- [    Test worker] c.e.homekiri.HomekiriApplicationTests    : Starting HomekiriApplicationTests using Java 16.0.2 on gimgiyun-ui-MacBookPro.local with PID 86608 (started by gimgiyun in /Users/gimgiyun/Desktop/homekiri)
2021-10-12 01:51:37.524  INFO 86608 --- [    Test worker] c.e.homekiri.HomekiriApplicationTests    : No active profile set, falling back to default profiles: default
2021-10-12 01:51:39.843  INFO 86608 --- [    Test worker] .s.d.r.c.RepositoryConfigurationDelegate : Bootstrapping Spring Data JPA repositories in DEFAULT mode.
2021-10-12 01:51:40.107  INFO 86608 --- [    Test worker] .s.d.r.c.RepositoryConfigurationDelegate : Finished Spring Data repository scanning in 254 ms. Found 19 JPA repository interfaces.
2021-10-12 01:51:41.221  INFO 86608 --- [    Test worker] com.zaxxer.hikari.HikariDataSource       : HikariPool-1 - Starting...
2021-10-12 01:51:41.522  INFO 86608 --- [    Test worker] com.zaxxer.hikari.HikariDataSource       : HikariPool-1 - Start completed.
2021-10-12 01:51:42.075  INFO 86608 --- [    Test worker] o.hibernate.jpa.internal.util.LogHelper  : HHH000204: Processing PersistenceUnitInfo [name: default]
2021-10-12 01:51:42.216  INFO 86608 --- [    Test worker] org.hibernate.Version                    : HHH000412: Hibernate ORM core version 5.4.32.Final
2021-10-12 01:51:42.480  INFO 86608 --- [    Test worker] o.hibernate.annotations.common.Version   : HCANN000001: Hibernate Commons Annotations {5.1.2.Final}
2021-10-12 01:51:42.729  INFO 86608 --- [    Test worker] org.hibernate.dialect.Dialect            : HHH000400: Using dialect: org.hibernate.dialect.MariaDB103Dialect
2021-10-12 01:51:45.847  INFO 86608 --- [    Test worker] o.h.e.t.j.p.i.JtaPlatformInitiator       : HHH000490: Using JtaPlatform implementation: [org.hibernate.engine.transaction.jta.platform.internal.NoJtaPlatform]
2021-10-12 01:51:45.861  INFO 86608 --- [    Test worker] j.LocalContainerEntityManagerFactoryBean : Initialized JPA EntityManagerFactory for persistence unit 'default'
2021-10-12 01:51:46.159  WARN 86608 --- [    Test worker] JpaBaseConfiguration$JpaWebConfiguration : spring.jpa.open-in-view is enabled by default. Therefore, database queries may be performed during view rendering. Explicitly configure spring.jpa.open-in-view to disable this warning
2021-10-12 01:51:48.536  INFO 86608 --- [    Test worker] .s.s.UserDetailsServiceAutoConfiguration : 

Using generated security password: 2f508736-0269-4300-ad78-19561839ce48

2021-10-12 01:51:48.668  INFO 86608 --- [    Test worker] o.s.s.web.DefaultSecurityFilterChain     : Will secure any request with [org.springframework.security.web.context.request.async.WebAsyncManagerIntegrationFilter@29f37fbc, org.springframework.security.web.context.SecurityContextPersistenceFilter@529596d0, org.springframework.security.web.header.HeaderWriterFilter@3a73b4df, org.springframework.security.web.authentication.logout.LogoutFilter@4651708b, org.springframework.security.web.savedrequest.RequestCacheAwareFilter@12b75a5a, org.springframework.security.web.servletapi.SecurityContextHolderAwareRequestFilter@2a11182c, org.springframework.security.web.authentication.AnonymousAuthenticationFilter@6f34a811, org.springframework.security.web.session.SessionManagementFilter@cbe30f0, org.springframework.security.web.access.ExceptionTranslationFilter@732668a1]
2021-10-12 01:51:50.558  INFO 86608 --- [    Test worker] c.e.homekiri.HomekiriApplicationTests    : Started HomekiriApplicationTests in 13.997 seconds (JVM running for 16.056)
]]></system-out>
  <system-err><![CDATA[]]></system-err>
</testsuite>
